<?xml version="1.0" encoding="utf-8"?><testsuites name="pytest tests"><testsuite name="pytest" errors="0" failures="0" skipped="0" tests="15" time="16.103" timestamp="2026-09-18T00:22:18.098445+00:00" hostname="agent-env-d107dfc9-8d3e-4f37-bed4-0d10a07464e5"><testcase classname="tests.test_isolation_telnet.TestIsolation" name="test_op1_devices_only_own" time="0.726" /><testcase classname="tests.test_isolation_telnet.TestIsolation" name="test_op1_cannot_get_admin_device" time="0.514" /><testcase classname="tests.test_isolation_telnet.TestIsolation" name="test_batch_admin_device_as_op1_returns_error_no_500" time="0.167" /><testcase classname="tests.test_isolation_telnet.TestIsolation" name="test_ws_admin_device_as_op1_reports_error" time="0.237" /><testcase classname="tests.test_isolation_telnet.TestIsolation" name="test_admin_sees_op1_device_and_forced_owner" time="0.872" /><testcase classname="tests.test_isolation_telnet.TestIsolation" name="test_admin_create_for_op1" time="0.396" /><testcase classname="tests.test_isolation_telnet.TestIsolation" name="test_sessions_stats_scoped" time="0.268" /><testcase classname="tests.test_isolation_telnet.TestIsolation" name="test_backups_summary_scoped" time="0.510" /><testcase classname="tests.test_isolation_telnet.TestIsolation" name="test_backups_run_op1_never_runs_admin_devices" time="0.147" /><testcase classname="tests.test_isolation_telnet.TestIsolation" name="test_csv_import_owner_forced" time="0.483" /><testcase classname="tests.test_isolation_telnet.TestProtocolValidation" name="test_invalid_protocol_defaults_to_ssh" time="0.287" /><testcase classname="tests.test_isolation_telnet.TestProtocolValidation" name="test_csv_import_protocol_telnet" time="0.412" /><testcase classname="tests.test_isolation_telnet.TestTelnet" name="test_batch_telnet_via_agent" time="5.706" /><testcase classname="tests.test_isolation_telnet.TestTelnet" name="test_ws_telnet_via_agent" time="0.576" /><testcase classname="tests.test_isolation_telnet.TestTelnet" name="test_direct_telnet_and_wrong_password" time="4.722" /></testsuite></testsuites>