<?xml version="1.0" encoding="utf-8"?><testsuites name="pytest tests"><testsuite name="pytest" errors="0" failures="0" skipped="0" tests="19" time="32.845" timestamp="2026-09-09T00:53:06.572970+00:00" hostname="agent-env-d107dfc9-8d3e-4f37-bed4-0d10a07464e5"><testcase classname="tests.test_new_batch.TestDeployHttpx" name="test_httpx_in_requirements" time="0.002" /><testcase classname="tests.test_new_batch.TestDeployHttpx" name="test_automation_imports_httpx" time="0.005" /><testcase classname="tests.test_new_batch.TestDeployHttpx" name="test_backend_api_root_200" time="0.170" /><testcase classname="tests.test_new_batch.TestDeployHttpx" name="test_fresh_venv_install_and_import" time="15.575" /><testcase classname="tests.test_new_batch.TestBackups" name="test_setup_dev_2hops_backup_cmd" time="0.825" /><testcase classname="tests.test_new_batch.TestBackups" name="test_run_backup_and_diff" time="3.234" /><testcase classname="tests.test_new_batch.TestBackups" name="test_run_all_skips_no_command_devices" time="20.682" /><testcase classname="tests.test_new_batch.TestAlerts" name="test_no_channel_returns_error" time="0.748" /><testcase classname="tests.test_new_batch.TestAlerts" name="test_webhook_ok_and_alert_stored" time="1.048" /><testcase classname="tests.test_new_batch.TestAlerts" name="test_invalid_telegram_token_no_500" time="0.888" /><testcase classname="tests.test_new_batch.TestAlerts" name="test_ping_now" time="12.360" /><testcase classname="tests.test_new_batch.TestBackups" name="test_run_linux_no_command_explicit_is_skipped" time="0.494" /><testcase classname="tests.test_new_batch.TestBackups" name="test_delete_backup_admin_only" time="1.390" /><testcase classname="tests.test_new_batch.TestScriptsQuick" name="test_create_update_delete" time="0.727" /><testcase classname="tests.test_new_batch.TestDeviceBackupFields" name="test_put_and_reflect" time="0.440" /><testcase classname="tests.test_new_batch.TestZFinalCleanup" name="test_reset_settings" time="0.277" /><testcase classname="tests.test_new_batch.TestAutomationSettings" name="test_get_public_shape" time="0.136" /><testcase classname="tests.test_new_batch.TestAutomationSettings" name="test_operator_cannot_put" time="0.678" /><testcase classname="tests.test_new_batch.TestAutomationSettings" name="test_put_token_lifecycle_and_clamps" time="0.614" /></testsuite></testsuites>