<?xml version="1.0" encoding="utf-8"?><testsuites name="pytest tests"><testsuite name="pytest" errors="0" failures="0" skipped="0" tests="20" time="13.000" timestamp="2026-09-08T22:06:23.105922+00:00" hostname="agent-env-d107dfc9-8d3e-4f37-bed4-0d10a07464e5"><testcase classname="tests.test_bastion_features.TestAgentSecrets" name="test_create_reverse_agent_autoport_and_public_key" time="0.850" /><testcase classname="tests.test_bastion_features.TestAgentSecrets" name="test_agent_password_lifecycle" time="0.871" /><testcase classname="tests.test_bastion_features.TestBastionEndpoints" name="test_get_settings_any_user" time="2.051" /><testcase classname="tests.test_bastion_features.TestAgentSecrets" name="test_self_parent_rejected" time="0.291" /><testcase classname="tests.test_bastion_features.TestAgentSecrets" name="test_list_never_leaks_secret" time="0.162" /><testcase classname="tests.test_bastion_features.TestBastionEndpoints" name="test_put_settings_admin_only" time="0.342" /><testcase classname="tests.test_bastion_features.TestChainAgainstLocalSshd" name="test_agent_test_chain" time="0.585" /><testcase classname="tests.test_bastion_features.TestBastionEndpoints" name="test_authorized_keys_token_gate" time="0.177" /><testcase classname="tests.test_bastion_features.TestBastionEndpoints" name="test_authorized_keys_valid_token" time="0.157" /><testcase classname="tests.test_bastion_features.TestBastionEndpoints" name="test_setup_script_admin" time="0.299" /><testcase classname="tests.test_bastion_features.TestChainAgainstLocalSshd" name="test_agent_ping_online" time="0.315" /><testcase classname="tests.test_bastion_features.TestDevicePasswordAndImport" name="test_device_password_lifecycle" time="0.654" /><testcase classname="tests.test_bastion_features.TestChainAgainstLocalSshd" name="test_device_ping_online" time="0.420" /><testcase classname="tests.test_bastion_features.TestChainAgainstLocalSshd" name="test_batch_execute_over_chain" time="0.622" /><testcase classname="tests.test_bastion_features.TestDevicePasswordAndImport" name="test_import_devices" time="0.472" /><testcase classname="tests.test_bastion_features.TestShellModeExec" name="test_cisco_shell_mode" time="5.403" /><testcase classname="tests.test_bastion_features.TestInstallScript" name="test_reverse_agent_script" time="0.161" /><testcase classname="tests.test_bastion_features.TestInstallScript" name="test_direct_agent_script" time="1.069" /><testcase classname="tests.test_bastion_features.TestSshKeyDefaultPassword" name="test_default_password_lifecycle" time="1.245" /><testcase classname="tests.test_bastion_features.TestWebSocketTerminal" name="test_ws_terminal_chain" time="1.393" /></testsuite></testsuites>